yarn run v1.22.17
$ next build
info  - Linting and checking validity of types...
info  - Creating an optimized production build...
info  - Compiled successfully
info  - Collecting page data...
info  - Generating static pages (0/5)
info  - Generating static pages (1/5)
info  - Generating static pages (2/5)
info  - Generating static pages (3/5)
info  - Generating static pages (5/5)
info  - Finalizing page optimization...

Route (pages)                              Size     First Load JS
┌ ○ / (430 ms)                             1.04 kB         125 kB
├   /_app                                  0 B            73.2 kB
├ ○ /404                                   181 B          73.4 kB
├ ○ /about (492 ms)                        957 B           125 kB
└ ○ /proyectos (463 ms)                    966 B           125 kB
+ First Load JS shared by all              76.9 kB
  ├ chunks/framework-aedff47d294e0670.js   45.4 kB
  ├ chunks/main-b8adf948f7f01545.js        26.7 kB
  ├ chunks/pages/_app-bfc035635fd11892.js  317 B
  ├ chunks/webpack-ee7e63bc15b31913.js     815 B
  └ css/c6c6cf8b9db746c0.css               3.65 kB

○  (Static)  automatically rendered as static HTML (uses no initial props)

Done in 27.11s.
