yarn run v1.22.17
$ tsup src/index.tsx --format esm,cjs --dts --external react && tailwindcss -i ./src/styles.css -o ./dist/styles.css
[34mCLI[39m Building entry: src/index.tsx
[34mCLI[39m Using tsconfig: tsconfig.json
[34mCLI[39m tsup v6.5.0
[34mCLI[39m Target: es6
[34mESM[39m Build start
[34mCJS[39m Build start
[32mESM[39m [1mdist\index.css [22m[32m2.06 KB[39m
[32mESM[39m [1mdist\index.mjs [22m[32m433.22 KB[39m
[32mESM[39m ⚡️ Build success in 864ms
[32mCJS[39m [1mdist\index.css [22m[32m2.06 KB[39m
[32mCJS[39m [1mdist\index.js  [22m[32m438.70 KB[39m
[32mCJS[39m ⚡️ Build success in 866ms
[34mDTS[39m Build start
[32mDTS[39m ⚡️ Build success in 4489ms
[32mDTS[39m [1mdist\index.d.ts [22m[32m1.01 KB[39m

Rebuilding...

Done in 402ms.
Done in 8.13s.
